{"/app/src/components/ErrorBoundary.tsx": {"path":"/app/src/components/ErrorBoundary.tsx","statementMap":{"0":{"start":{"line":1,"column":0},"end":{"line":1,"column":52}},"1":{"start":{"line":2,"column":0},"end":{"line":2,"column":45}},"2":{"start":{"line":3,"column":0},"end":{"line":3,"column":48}},"3":{"start":{"line":4,"column":0},"end":{"line":4,"column":44}},"4":{"start":{"line":17,"column":4},"end":{"line":17,"column":17}},"5":{"start":{"line":18,"column":4},"end":{"line":18,"column":50}},"6":{"start":{"line":22,"column":4},"end":{"line":22,"column":37}},"7":{"start":{"line":26,"column":4},"end":{"line":26,"column":65}},"8":{"start":{"line":30,"column":4},"end":{"line":62,"column":5}},"9":{"start":{"line":31,"column":6},"end":{"line":61,"column":8}},"10":{"start":{"line":53,"column":31},"end":{"line":53,"column":55}},"11":{"start":{"line":64,"column":4},"end":{"line":64,"column":31}},"12":{"start":{"line":15,"column":0},"end":{"line":15,"column":13}}},"fnMap":{"0":{"name":"(anonymous_0)","decl":{"start":{"line":16,"column":2},"end":{"line":16,"column":14}},"loc":{"start":{"line":16,"column":26},"end":{"line":19,"column":3}}},"1":{"name":"(anonymous_1)","decl":{"start":{"line":21,"column":2},"end":{"line":21,"column":8}},"loc":{"start":{"line":21,"column":46},"end":{"line":23,"column":3}}},"2":{"name":"(anonymous_2)","decl":{"start":{"line":25,"column":2},"end":{"line":25,"column":19}},"loc":{"start":{"line":25,"column":60},"end":{"line":27,"column":3}}},"3":{"name":"(anonymous_3)","decl":{"start":{"line":29,"column":2},"end":{"line":29,"column":8}},"loc":{"start":{"line":29,"column":8},"end":{"line":65,"column":3}}},"4":{"name":"(anonymous_4)","decl":{"start":{"line":53,"column":25},"end":{"line":53,"column":28}},"loc":{"start":{"line":53,"column":31},"end":{"line":53,"column":55}}}},"branchMap":{"0":{"loc":{"start":{"line":30,"column":4},"end":{"line":62,"column":5}},"type":"if","locations":[{"start":{"line":30,"column":4},"end":{"line":62,"column":5}},{"start":{},"end":{}}]},"1":{"loc":{"start":{"line":42,"column":15},"end":{"line":50,"column":null}},"type":"binary-expr","locations":[{"start":{"line":42,"column":15},"end":{"line":42,"column":53}},{"start":{"line":42,"column":57},"end":{"line":42,"column":73}},{"start":{"line":43,"column":16},"end":{"line":49,"column":null}}]}},"s":{"0":1,"1":1,"2":1,"3":1,"4":5,"5":4,"6":4,"7":2,"8":8,"9":4,"10":0,"11":4,"12":1},"f":{"0":5,"1":4,"2":2,"3":8,"4":0},"b":{"0":[4,4],"1":[4,2,2]}}
,"/app/src/components/ui/button.tsx": {"path":"/app/src/components/ui/button.tsx","statementMap":{"0":{"start":{"line":1,"column":0},"end":{"line":1,"column":31}},"1":{"start":{"line":2,"column":0},"end":{"line":2,"column":44}},"2":{"start":{"line":3,"column":0},"end":{"line":3,"column":66}},"3":{"start":{"line":5,"column":0},"end":{"line":5,"column":33}},"4":{"start":{"line":7,"column":23},"end":{"line":30,"column":null}},"5":{"start":{"line":47,"column":17},"end":{"line":47,"column":31}},"6":{"start":{"line":39,"column":15},"end":{"line":43,"column":null}},"7":{"start":{"line":41,"column":17},"end":{"line":41,"column":42}},"8":{"start":{"line":42,"column":4},"end":{"line":42,"column":102}},"9":{"start":{"line":47,"column":9},"end":{"line":47,"column":15}},"10":{"start":{"line":45,"column":0},"end":{"line":45,"column":30}}},"fnMap":{"0":{"name":"(anonymous_0)","decl":{"start":{"line":40,"column":2},"end":{"line":40,"column":3}},"loc":{"start":{"line":40,"column":67},"end":{"line":43,"column":3}}}},"branchMap":{"0":{"loc":{"start":{"line":40,"column":31},"end":{"line":40,"column":46}},"type":"default-arg","locations":[{"start":{"line":40,"column":41},"end":{"line":40,"column":46}}]},"1":{"loc":{"start":{"line":41,"column":17},"end":{"line":41,"column":42}},"type":"cond-expr","locations":[{"start":{"line":41,"column":27},"end":{"line":41,"column":31}},{"start":{"line":41,"column":34},"end":{"line":41,"column":42}}]}},"s":{"0":1,"1":1,"2":1,"3":1,"4":1,"5":1,"6":1,"7":4,"8":4,"9":1,"10":1},"f":{"0":4},"b":{"0":[4],"1":[0,4]}}
,"/app/src/components/ui/card.tsx": {"path":"/app/src/components/ui/card.tsx","statementMap":{"0":{"start":{"line":1,"column":0},"end":{"line":1,"column":31}},"1":{"start":{"line":3,"column":0},"end":{"line":3,"column":33}},"2":{"start":{"line":5,"column":13},"end":{"line":7,"column":2}},"3":{"start":{"line":6,"column":2},"end":{"line":6,"column":116}},"4":{"start":{"line":43,"column":9},"end":{"line":43,"column":13}},"5":{"start":{"line":8,"column":0},"end":{"line":8,"column":26}},"6":{"start":{"line":10,"column":19},"end":{"line":13,"column":null}},"7":{"start":{"line":12,"column":4},"end":{"line":12,"column":91}},"8":{"start":{"line":43,"column":15},"end":{"line":43,"column":25}},"9":{"start":{"line":15,"column":0},"end":{"line":15,"column":38}},"10":{"start":{"line":17,"column":18},"end":{"line":20,"column":null}},"11":{"start":{"line":19,"column":4},"end":{"line":19,"column":111}},"12":{"start":{"line":43,"column":39},"end":{"line":43,"column":48}},"13":{"start":{"line":22,"column":0},"end":{"line":22,"column":36}},"14":{"start":{"line":24,"column":24},"end":{"line":27,"column":null}},"15":{"start":{"line":26,"column":4},"end":{"line":26,"column":89}},"16":{"start":{"line":43,"column":50},"end":{"line":43,"column":65}},"17":{"start":{"line":29,"column":0},"end":{"line":29,"column":48}},"18":{"start":{"line":31,"column":20},"end":{"line":32,"column":null}},"19":{"start":{"line":32,"column":36},"end":{"line":32,"column":102}},"20":{"start":{"line":43,"column":67},"end":{"line":43,"column":78}},"21":{"start":{"line":34,"column":0},"end":{"line":34,"column":40}},"22":{"start":{"line":36,"column":19},"end":{"line":39,"column":null}},"23":{"start":{"line":38,"column":4},"end":{"line":38,"column":88}},"24":{"start":{"line":43,"column":27},"end":{"line":43,"column":37}},"25":{"start":{"line":41,"column":0},"end":{"line":41,"column":38}}},"fnMap":{"0":{"name":"(anonymous_0)","decl":{"start":{"line":5,"column":84},"end":{"line":5,"column":85}},"loc":{"start":{"line":6,"column":2},"end":{"line":6,"column":116}}},"1":{"name":"(anonymous_1)","decl":{"start":{"line":11,"column":2},"end":{"line":11,"column":3}},"loc":{"start":{"line":12,"column":4},"end":{"line":12,"column":91}}},"2":{"name":"(anonymous_2)","decl":{"start":{"line":18,"column":2},"end":{"line":18,"column":3}},"loc":{"start":{"line":19,"column":4},"end":{"line":19,"column":111}}},"3":{"name":"(anonymous_3)","decl":{"start":{"line":25,"column":2},"end":{"line":25,"column":3}},"loc":{"start":{"line":26,"column":4},"end":{"line":26,"column":89}}},"4":{"name":"(anonymous_4)","decl":{"start":{"line":32,"column":2},"end":{"line":32,"column":3}},"loc":{"start":{"line":32,"column":36},"end":{"line":32,"column":102}}},"5":{"name":"(anonymous_5)","decl":{"start":{"line":37,"column":2},"end":{"line":37,"column":3}},"loc":{"start":{"line":38,"column":4},"end":{"line":38,"column":88}}}},"branchMap":{},"s":{"0":1,"1":1,"2":1,"3":4,"4":1,"5":1,"6":1,"7":0,"8":1,"9":1,"10":1,"11":0,"12":1,"13":1,"14":1,"15":0,"16":1,"17":1,"18":1,"19":0,"20":1,"21":1,"22":1,"23":0,"24":1,"25":1},"f":{"0":4,"1":0,"2":0,"3":0,"4":0,"5":0},"b":{}}
,"/app/src/hooks/usePlayerState.ts": {"path":"/app/src/hooks/usePlayerState.ts","statementMap":{"0":{"start":{"line":1,"column":0},"end":{"line":1,"column":33}},"1":{"start":{"line":12,"column":13},"end":{"line":25,"column":2}},"2":{"start":{"line":18,"column":39},"end":{"line":18,"column":44}},"3":{"start":{"line":19,"column":4},"end":{"line":23,"column":5}},"4":{"start":{"line":20,"column":6},"end":{"line":20,"column":31}},"5":{"start":{"line":21,"column":11},"end":{"line":23,"column":5}},"6":{"start":{"line":22,"column":6},"end":{"line":22,"column":51}},"7":{"start":{"line":27,"column":13},"end":{"line":33,"column":4}},"8":{"start":{"line":27,"column":65},"end":{"line":33,"column":2}},"9":{"start":{"line":30,"column":24},"end":{"line":30,"column":62}},"10":{"start":{"line":31,"column":20},"end":{"line":31,"column":45}},"11":{"start":{"line":32,"column":21},"end":{"line":32,"column":65}}},"fnMap":{"0":{"name":"(anonymous_0)","decl":{"start":{"line":13,"column":13},"end":{"line":13,"column":null}},"loc":{"start":{"line":17,"column":6},"end":{"line":24,"column":3}}},"1":{"name":"(anonymous_1)","decl":{"start":{"line":27,"column":50},"end":{"line":27,"column":51}},"loc":{"start":{"line":27,"column":65},"end":{"line":33,"column":2}}},"2":{"name":"(anonymous_2)","decl":{"start":{"line":30,"column":13},"end":{"line":30,"column":14}},"loc":{"start":{"line":30,"column":24},"end":{"line":30,"column":62}}},"3":{"name":"(anonymous_3)","decl":{"start":{"line":31,"column":14},"end":{"line":31,"column":17}},"loc":{"start":{"line":31,"column":20},"end":{"line":31,"column":45}}},"4":{"name":"(anonymous_4)","decl":{"start":{"line":32,"column":15},"end":{"line":32,"column":18}},"loc":{"start":{"line":32,"column":21},"end":{"line":32,"column":65}}}},"branchMap":{"0":{"loc":{"start":{"line":19,"column":4},"end":{"line":23,"column":5}},"type":"if","locations":[{"start":{"line":19,"column":4},"end":{"line":23,"column":5}},{"start":{"line":21,"column":11},"end":{"line":23,"column":5}}]},"1":{"loc":{"start":{"line":19,"column":8},"end":{"line":19,"column":64}},"type":"binary-expr","locations":[{"start":{"line":19,"column":8},"end":{"line":19,"column":19}},{"start":{"line":19,"column":23},"end":{"line":19,"column":50}},{"start":{"line":19,"column":54},"end":{"line":19,"column":64}}]},"2":{"loc":{"start":{"line":21,"column":11},"end":{"line":23,"column":5}},"type":"if","locations":[{"start":{"line":21,"column":11},"end":{"line":23,"column":5}},{"start":{},"end":{}}]}},"s":{"0":1,"1":1,"2":9,"3":9,"4":2,"5":7,"6":5,"7":1,"8":1,"9":6,"10":1,"11":0},"f":{"0":9,"1":1,"2":6,"3":1,"4":0},"b":{"0":[2,7],"1":[9,5,4],"2":[5,2]}}
,"/app/src/lib/utils.ts": {"path":"/app/src/lib/utils.ts","statementMap":{"0":{"start":{"line":4,"column":0},"end":{"line":4,"column":16}},"1":{"start":{"line":1,"column":0},"end":{"line":1,"column":45}},"2":{"start":{"line":2,"column":0},"end":{"line":2,"column":41}},"3":{"start":{"line":5,"column":2},"end":{"line":5,"column":31}}},"fnMap":{"0":{"name":"cn","decl":{"start":{"line":4,"column":16},"end":{"line":4,"column":18}},"loc":{"start":{"line":4,"column":42},"end":{"line":6,"column":1}}}},"branchMap":{},"s":{"0":1,"1":1,"2":1,"3":8},"f":{"0":8},"b":{}}
}
