TN:
SF:src/components/ErrorBoundary.tsx
FN:16,(anonymous_0)
FN:21,(anonymous_1)
FN:25,(anonymous_2)
FN:29,(anonymous_3)
FN:53,(anonymous_4)
FNF:5
FNH:4
FNDA:5,(anonymous_0)
FNDA:4,(anonymous_1)
FNDA:2,(anonymous_2)
FNDA:8,(anonymous_3)
FNDA:0,(anonymous_4)
DA:1,1
DA:2,1
DA:3,1
DA:4,1
DA:15,1
DA:17,5
DA:18,4
DA:22,4
DA:26,2
DA:30,8
DA:31,4
DA:53,0
DA:64,4
LF:13
LH:12
BRDA:30,0,0,4
BRDA:30,0,1,4
BRDA:42,1,0,4
BRDA:42,1,1,2
BRDA:42,1,2,2
BRF:5
BRH:5
end_of_record
TN:
SF:src/components/ui/button.tsx
FN:40,(anonymous_0)
FNF:1
FNH:1
FNDA:4,(anonymous_0)
DA:1,1
DA:2,1
DA:3,1
DA:5,1
DA:7,1
DA:39,1
DA:41,4
DA:42,4
DA:45,1
DA:47,1
LF:10
LH:10
BRDA:40,0,0,4
BRDA:41,1,0,0
BRDA:41,1,1,4
BRF:3
BRH:2
end_of_record
TN:
SF:src/components/ui/card.tsx
FN:5,(anonymous_0)
FN:11,(anonymous_1)
FN:18,(anonymous_2)
FN:25,(anonymous_3)
FN:32,(anonymous_4)
FN:37,(anonymous_5)
FNF:6
FNH:1
FNDA:4,(anonymous_0)
FNDA:0,(anonymous_1)
FNDA:0,(anonymous_2)
FNDA:0,(anonymous_3)
FNDA:0,(anonymous_4)
FNDA:0,(anonymous_5)
DA:1,1
DA:3,1
DA:5,1
DA:6,4
DA:8,1
DA:10,1
DA:12,0
DA:15,1
DA:17,1
DA:19,0
DA:22,1
DA:24,1
DA:26,0
DA:29,1
DA:31,1
DA:32,0
DA:34,1
DA:36,1
DA:38,0
DA:41,1
DA:43,1
LF:21
LH:16
BRF:0
BRH:0
end_of_record
TN:
SF:src/hooks/usePlayerState.ts
FN:13,(anonymous_0)
FN:27,(anonymous_1)
FN:30,(anonymous_2)
FN:31,(anonymous_3)
FN:32,(anonymous_4)
FNF:5
FNH:4
FNDA:9,(anonymous_0)
FNDA:1,(anonymous_1)
FNDA:6,(anonymous_2)
FNDA:1,(anonymous_3)
FNDA:0,(anonymous_4)
DA:1,1
DA:12,1
DA:18,9
DA:19,9
DA:20,2
DA:21,7
DA:22,5
DA:27,1
DA:30,6
DA:31,1
DA:32,0
LF:11
LH:10
BRDA:19,0,0,2
BRDA:19,0,1,7
BRDA:19,1,0,9
BRDA:19,1,1,5
BRDA:19,1,2,4
BRDA:21,2,0,5
BRDA:21,2,1,2
BRF:7
BRH:7
end_of_record
TN:
SF:src/lib/utils.ts
FN:4,cn
FNF:1
FNH:1
FNDA:8,cn
DA:1,1
DA:2,1
DA:4,1
DA:5,8
LF:4
LH:4
BRF:0
BRH:0
end_of_record
